#
# There is insufficient memory for the Java Runtime Environment to continue.
# Native memory allocation (malloc) failed to allocate 32744 bytes for ChunkPool::allocate
# Possible reasons:
#   The system is out of physical RAM or swap space
#   The process is running with CompressedOops enabled, and the Java Heap may be blocking the growth of the native heap
# Possible solutions:
#   Reduce memory load on the system
#   Increase physical memory or swap space
#   Check if swap backing store is full
#   Decrease Java heap size (-Xmx/-Xms)
#   Decrease number of Java threads
#   Decrease Java thread stack sizes (-Xss)
#   Set larger code cache with -XX:ReservedCodeCacheSize=
#   JVM is running with Unscaled Compressed Oops mode in which the Java heap is
#     placed in the first 4GB address space. The Java Heap base address is the
#     maximum limit for the native heap growth. Please use -XX:HeapBaseMinAddress
#     to set the Java Heap base and to place the Java Heap above 4GB virtual address.
# This output file may be truncated or incomplete.
#
#  Out of Memory Error (allocation.cpp:272), pid=4360, tid=0x000000000000213c
#
# JRE version: Java(TM) SE Runtime Environment (8.0_231-b11) (build 1.8.0_231-b11)
# Java VM: Java HotSpot(TM) 64-Bit Server VM (25.231-b11 mixed mode windows-amd64 compressed oops)
# Failed to write core dump. Minidumps are not enabled by default on client versions of Windows
#

---------------  T H R E A D  ---------------

Current thread (0x0000000017280000):  JavaThread "C2 CompilerThread0" daemon [_thread_in_vm, id=8508, stack(0x00000000175e0000,0x00000000176e0000)]

Stack: [0x00000000175e0000,0x00000000176e0000]
[error occurred during error reporting (printing stack bounds), id 0xc0000005]

Native frames: (J=compiled Java code, j=interpreted, Vv=VM code, C=native code)


---------------  P R O C E S S  ---------------

Java Threads: ( => current thread )
  0x00000000172e9000 JavaThread "Service Thread" daemon [_thread_blocked, id=3032, stack(0x00000000178e0000,0x00000000179e0000)]
  0x000000001727a800 JavaThread "C1 CompilerThread2" daemon [_thread_blocked, id=13100, stack(0x00000000177e0000,0x00000000178e0000)]
  0x00000000172bf000 JavaThread "C2 CompilerThread1" daemon [_thread_blocked, id=8904, stack(0x00000000176e0000,0x00000000177e0000)]
=>0x0000000017280000 JavaThread "C2 CompilerThread0" daemon [_thread_in_vm, id=8508, stack(0x00000000175e0000,0x00000000176e0000)]
  0x0000000015559800 JavaThread "JDWP Command Reader" daemon [_thread_in_native, id=4240, stack(0x00000000170e0000,0x00000000171e0000)]
  0x0000000015558000 JavaThread "JDWP Event Helper Thread" daemon [_thread_blocked, id=6748, stack(0x0000000016fe0000,0x00000000170e0000)]
  0x0000000015542800 JavaThread "JDWP Transport Listener: dt_socket" daemon [_thread_blocked, id=5940, stack(0x0000000016ee0000,0x0000000016fe0000)]
  0x0000000015547000 JavaThread "Attach Listener" daemon [_thread_blocked, id=4712, stack(0x0000000016aa0000,0x0000000016ba0000)]
  0x0000000015545800 JavaThread "Signal Dispatcher" daemon [_thread_blocked, id=7628, stack(0x00000000169a0000,0x0000000016aa0000)]
  0x000000001552a000 JavaThread "Finalizer" daemon [_thread_blocked, id=4444, stack(0x00000000167a0000,0x00000000168a0000)]
  0x0000000002f21000 JavaThread "Reference Handler" daemon [_thread_blocked, id=11232, stack(0x00000000166a0000,0x00000000167a0000)]
  0x0000000002e32800 JavaThread "main" [_thread_in_native, id=5276, stack(0x0000000002b20000,0x0000000002c20000)]

Other Threads:
  0x0000000015507800 VMThread [stack: 0x00000000165a0000,0x00000000166a0000] [id=9172]
  0x000000001738b000 WatcherThread [stack: 0x00000000179e0000,0x0000000017ae0000] [id=9196]

VM state:not at safepoint (normal execution)

VM Mutex/Monitor currently owned by a thread: None

heap address: 0x00000000c1400000, size: 1004 MB, Compressed Oops mode: 32-bit
Narrow klass base: 0x0000000000000000, Narrow klass shift: 3
Compressed class space size: 1073741824 Address: 0x0000000100000000

Heap:
 PSYoungGen      total 18944K, used 4325K [0x00000000eb180000, 0x00000000ec680000, 0x0000000100000000)
  eden space 16384K, 26% used [0x00000000eb180000,0x00000000eb5b96b0,0x00000000ec180000)
  from space 2560K, 0% used [0x00000000ec400000,0x00000000ec400000,0x00000000ec680000)
  to   space 2560K, 0% used [0x00000000ec180000,0x00000000ec180000,0x00000000ec400000)
 ParOldGen       total 44032K, used 0K [0x00000000c1400000, 0x00000000c3f00000, 0x00000000eb180000)
  object space 44032K, 0% used [0x00000000c1400000,0x00000000c1400000,0x00000000c3f00000)
 Metaspace       used 4490K, capacity 4698K, committed 4992K, reserved 1056768K
  class space    used 493K, capacity 526K, committed 640K, reserved 1048576K

Card table byte_map: [0x00000000122f0000,0x00000000124f0000] byte_map_base: 0x0000000011ce6000

Marking Bits: (ParMarkBitMap*) 0x00000000590c6d90
 Begin Bits: [0x0000000012a40000, 0x00000000139f0000)
 End Bits:   [0x00000000139f0000, 0x00000000149a0000)

Polling page: 0x0000000001290000

CodeCache: size=245760Kb used=1150Kb max_used=1150Kb free=244609Kb
 bounds [0x0000000002f30000, 0x00000000031a0000, 0x0000000011f30000]
 total_blobs=284 nmethods=32 adapters=188
 compilation: enabled

Compilation events (10 events):
Event: 0.962 Thread 0x000000001727a800 nmethod 2 0x000000000303e310 code [0x000000000303e4a0, 0x000000000303e9f0]
Event: 0.962 Thread 0x000000001727a800    4       3       sun.instrument.InstrumentationImpl::transform (38 bytes)
Event: 0.963 Thread 0x000000001727a800 nmethod 4 0x000000000303ebd0 code [0x000000000303ed40, 0x000000000303efe8]
Event: 0.963 Thread 0x000000001727a800    5   !   3       sun.instrument.TransformerManager::transform (98 bytes)
Event: 0.964 Thread 0x000000001727a800 nmethod 5 0x000000000303f110 code [0x000000000303f2a0, 0x000000000303f728]
Event: 0.964 Thread 0x000000001727a800    8       3       java.lang.String::indexOf (7 bytes)
Event: 0.964 Thread 0x000000001727a800 nmethod 8 0x000000000303fa10 code [0x000000000303fb80, 0x000000000303fda8]
Event: 0.964 Thread 0x000000001727a800    6       1       sun.instrument.TransformerManager::getSnapshotTransformerList (5 bytes)
Event: 0.964 Thread 0x000000001727a800 nmethod 6 0x000000000303fe50 code [0x000000000303ffa0, 0x00000000030400b0]
Event: 0.965 Thread 0x000000001727a800   12       3       java.lang.String::toLowerCase (439 bytes)

GC Heap History (0 events):
No events

Deoptimization events (0 events):
No events

Classes redefined (0 events):
No events

Internal exceptions (2 events):
Event: 0.218 Thread 0x0000000002e32800 Exception <a 'java/lang/NoSuchMethodError': Method sun.misc.Unsafe.defineClass(Ljava/lang/String;[BII)Ljava/lang/Class; name or signature does not match> (0x00000000eb187cb8) thrown at [C:\re\workspace\8-2-build-windows-amd64-cygwin\jdk8u231\13620\hotspot
Event: 0.218 Thread 0x0000000002e32800 Exception <a 'java/lang/NoSuchMethodError': Method sun.misc.Unsafe.prefetchRead(Ljava/lang/Object;J)V name or signature does not match> (0x00000000eb187fa0) thrown at [C:\re\workspace\8-2-build-windows-amd64-cygwin\jdk8u231\13620\hotspot\src\share\vm\prim

Events (10 events):
Event: 0.964 loading class java/util/concurrent/atomic/AtomicBoolean
Event: 0.964 loading class java/util/concurrent/atomic/AtomicBoolean done
Event: 0.965 loading class sun/usagetracker/UsageTrackerClient$1
Event: 0.965 loading class sun/usagetracker/UsageTrackerClient$1 done
Event: 0.965 loading class sun/usagetracker/UsageTrackerClient$4
Event: 0.965 loading class sun/usagetracker/UsageTrackerClient$4 done
Event: 0.966 loading class sun/usagetracker/UsageTrackerClient$2
Event: 0.966 loading class sun/usagetracker/UsageTrackerClient$2 done
Event: 0.966 loading class sun/usagetracker/UsageTrackerClient$3
Event: 0.966 loading class sun/usagetracker/UsageTrackerClient$3 done


Dynamic libraries:
0x00007ff6ca950000 - 0x00007ff6ca987000 	C:\Program Files\Java\jre1.8.0_231\bin\javaw.exe
0x00007ffc9cbc0000 - 0x00007ffc9cdb0000 	C:\WINDOWS\SYSTEM32\ntdll.dll
0x00007ffc9b550000 - 0x00007ffc9b602000 	C:\WINDOWS\System32\KERNEL32.DLL
0x00007ffc99ef0000 - 0x00007ffc9a193000 	C:\WINDOWS\System32\KERNELBASE.dll
0x00007ffc9ad00000 - 0x00007ffc9ada3000 	C:\WINDOWS\System32\ADVAPI32.dll
0x00007ffc9c6a0000 - 0x00007ffc9c73e000 	C:\WINDOWS\System32\msvcrt.dll
0x00007ffc9c380000 - 0x00007ffc9c417000 	C:\WINDOWS\System32\sechost.dll
0x00007ffc9bc90000 - 0x00007ffc9bdb0000 	C:\WINDOWS\System32\RPCRT4.dll
0x00007ffc9c500000 - 0x00007ffc9c694000 	C:\WINDOWS\System32\USER32.dll
0x00007ffc99e70000 - 0x00007ffc99e91000 	C:\WINDOWS\System32\win32u.dll
0x00007ffc9cb50000 - 0x00007ffc9cb76000 	C:\WINDOWS\System32\GDI32.dll
0x00007ffc9a2d0000 - 0x00007ffc9a464000 	C:\WINDOWS\System32\gdi32full.dll
0x00007ffc99b50000 - 0x00007ffc99bee000 	C:\WINDOWS\System32\msvcp_win.dll
0x00007ffc9a1d0000 - 0x00007ffc9a2ca000 	C:\WINDOWS\System32\ucrtbase.dll
0x00007ffc866a0000 - 0x00007ffc86925000 	C:\WINDOWS\WinSxS\amd64_microsoft.windows.common-controls_6595b64144ccf1df_6.0.18362.535_none_e6c3b34713100821\COMCTL32.dll
0x00007ffc9c030000 - 0x00007ffc9c366000 	C:\WINDOWS\System32\combase.dll
0x00007ffc99df0000 - 0x00007ffc99e70000 	C:\WINDOWS\System32\bcryptPrimitives.dll
0x00007ffc9acd0000 - 0x00007ffc9acfe000 	C:\WINDOWS\System32\IMM32.DLL
0x0000000058100000 - 0x00000000581d2000 	C:\Program Files\Java\jre1.8.0_231\bin\msvcr100.dll
0x00000000588a0000 - 0x0000000059146000 	C:\Program Files\Java\jre1.8.0_231\bin\server\jvm.dll
0x00007ffc9bc80000 - 0x00007ffc9bc88000 	C:\WINDOWS\System32\PSAPI.DLL
0x00007ffc8fb70000 - 0x00007ffc8fb7a000 	C:\WINDOWS\SYSTEM32\VERSION.dll
0x00007ffc95ab0000 - 0x00007ffc95ab9000 	C:\WINDOWS\SYSTEM32\WSOCK32.dll
0x00007ffc92d40000 - 0x00007ffc92d64000 	C:\WINDOWS\SYSTEM32\WINMM.dll
0x00007ffc9c990000 - 0x00007ffc9c9ff000 	C:\WINDOWS\System32\WS2_32.dll
0x00007ffc92ca0000 - 0x00007ffc92ccd000 	C:\WINDOWS\SYSTEM32\winmmbase.dll
0x00007ffc99ea0000 - 0x00007ffc99eea000 	C:\WINDOWS\System32\cfgmgr32.dll
0x00007ffc90d30000 - 0x00007ffc90d3f000 	C:\Program Files\Java\jre1.8.0_231\bin\verify.dll
0x00007ffc858d0000 - 0x00007ffc858f9000 	C:\Program Files\Java\jre1.8.0_231\bin\java.dll
0x00007ffc8af90000 - 0x00007ffc8afc5000 	C:\Program Files\Java\jre1.8.0_231\bin\jdwp.dll
0x00007ffc91340000 - 0x00007ffc91348000 	C:\Program Files\Java\jre1.8.0_231\bin\npt.dll
0x00007ffc87c50000 - 0x00007ffc87c73000 	C:\Program Files\Java\jre1.8.0_231\bin\instrument.dll
0x00007ffc858b0000 - 0x00007ffc858c6000 	C:\Program Files\Java\jre1.8.0_231\bin\zip.dll
0x00007ffc9adb0000 - 0x00007ffc9b495000 	C:\WINDOWS\System32\SHELL32.dll
0x00007ffc9b610000 - 0x00007ffc9b6b9000 	C:\WINDOWS\System32\shcore.dll
0x00007ffc9a470000 - 0x00007ffc9abef000 	C:\WINDOWS\System32\windows.storage.dll
0x00007ffc99ae0000 - 0x00007ffc99aff000 	C:\WINDOWS\System32\profapi.dll
0x00007ffc99b00000 - 0x00007ffc99b4a000 	C:\WINDOWS\System32\powrprof.dll
0x00007ffc99a90000 - 0x00007ffc99aa0000 	C:\WINDOWS\System32\UMPDC.dll
0x00007ffc9b6c0000 - 0x00007ffc9b712000 	C:\WINDOWS\System32\shlwapi.dll
0x00007ffc99aa0000 - 0x00007ffc99ab1000 	C:\WINDOWS\System32\kernel.appcore.dll
0x00007ffc9abf0000 - 0x00007ffc9ac07000 	C:\WINDOWS\System32\cryptsp.dll
0x00007ffc904b0000 - 0x00007ffc904b9000 	C:\Program Files\Java\jre1.8.0_231\bin\dt_socket.dll
0x00007ffc79de0000 - 0x00007ffc79df6000 	C:\WINDOWS\system32\napinsp.dll
0x00007ffc79c00000 - 0x00007ffc79c1a000 	C:\WINDOWS\system32\pnrpnsp.dll
0x00007ffc992a0000 - 0x00007ffc99307000 	C:\WINDOWS\System32\mswsock.dll
0x00007ffc98ff0000 - 0x00007ffc990ba000 	C:\WINDOWS\SYSTEM32\DNSAPI.dll
0x00007ffc9ca00000 - 0x00007ffc9ca08000 	C:\WINDOWS\System32\NSI.dll
0x00007ffc98fb0000 - 0x00007ffc98fea000 	C:\WINDOWS\SYSTEM32\IPHLPAPI.DLL
0x00007ffc90ae0000 - 0x00007ffc90aee000 	C:\WINDOWS\System32\winrnr.dll
0x00007ffc966d0000 - 0x00007ffc966ec000 	C:\WINDOWS\system32\NLAapi.dll
0x00007ffc76400000 - 0x00007ffc76415000 	C:\WINDOWS\system32\wshbth.dll
0x00007ffc931c0000 - 0x00007ffc93237000 	C:\WINDOWS\System32\fwpuclnt.dll
0x00007ffc9a1a0000 - 0x00007ffc9a1c6000 	C:\WINDOWS\System32\bcrypt.dll
0x00007ffc91ff0000 - 0x00007ffc91ffa000 	C:\Windows\System32\rasadhlp.dll

VM Arguments:
jvm_args: -agentlib:jdwp=transport=dt_socket,suspend=y,address=localhost:10014 -javaagent:E:\sts-4.7.0.RELEASE\configuration\org.eclipse.osgi\248\0\.cp\lib\javaagent-shaded.jar -Dfile.encoding=Cp1252 
java_command: com.app.model.Main
java_class_path (initial): E:\rs\java_proj\FileSystem\target\classes;E:\sts-4.7.0.RELEASE\configuration\org.eclipse.osgi\248\0\.cp\lib\javaagent-shaded.jar
Launcher Type: SUN_STANDARD

Environment Variables:
PATH=C:/Program Files/Java/jre1.8.0_231/bin/server;C:/Program Files/Java/jre1.8.0_231/bin;C:/Program Files/Java/jre1.8.0_231/lib/amd64;C:\python 3.5.4\Scripts\;C:\python 3.5.4\;C:\Program Files (x86)\Common Files\Oracle\Java\javapath;C:\oraclexe\app\oracle\product\11.2.0\server\bin;C:\WINDOWS\system32;C:\WINDOWS;C:\WINDOWS\System32\Wbem;C:\WINDOWS\System32\WindowsPowerShell\v1.0\;C:\WINDOWS\System32\OpenSSH\;C:\sqlite;C:\Node\;C:\ProgramData\chocolatey\bin;C:\Program Files\Microsoft SQL Server\Client SDK\ODBC\110\Tools\Binn\;C:\Program Files (x86)\Microsoft SQL Server\120\Tools\Binn\;C:\Program Files\Microsoft SQL Server\120\Tools\Binn\;C:\Program Files\Microsoft SQL Server\120\DTS\Binn\;C:\Program Files (x86)\Microsoft SQL Server\120\Tools\Binn\ManagementStudio\;C:\Program Files (x86)\Microsoft SQL Server\120\DTS\Binn\;E:\s\mpv64;C:\Users\Prasad Siva\AppData\Local\Microsoft\WindowsApps;C:\Users\Prasad Siva\AppData\Roaming\npm;C:\Users\Prasad Siva\AppData\Local\Programs\Microsoft VS Code\bin;E:\sts-4.7.0.RELEASE;
USERNAME=Prasad Siva
OS=Windows_NT
PROCESSOR_IDENTIFIER=Intel64 Family 6 Model 76 Stepping 4, GenuineIntel



---------------  S Y S T E M  ---------------

OS: Windows 10.0 , 64 bit Build 18362 (10.0.18362.329)

CPU:total 4 (initial active 4) (4 cores per cpu, 1 threads per core) family 6 model 76 stepping 4, cmov, cx8, fxsr, mmx, sse, sse2, sse3, ssse3, sse4.1, sse4.2, popcnt, aes, clmul, erms, 3dnowpref, tsc, tscinvbit

Memory: 4k page, physical 4105360k(726856k free), swap 6153360k(2480k free)

vm_info: Java HotSpot(TM) 64-Bit Server VM (25.231-b11) for windows-amd64 JRE (1.8.0_231-b11), built on Oct  5 2019 03:11:30 by "java_re" with MS VC++ 10.0 (VS2010)

time: Sun Jun 28 11:01:20 2020
timezone: India Standard Time
elapsed time: 1 seconds (0d 0h 0m 1s)

